{"numFailedTestSuites":0,"numFailedTests":0,"numPassedTestSuites":9,"numPassedTests":13,"numPendingTestSuites":0,"numPendingTests":0,"numRuntimeErrorTestSuites":0,"numTodoTests":0,"numTotalTestSuites":9,"numTotalTests":13,"openHandles":[],"snapshot":{"added":0,"didUpdate":false,"failure":false,"filesAdded":0,"filesRemoved":0,"filesRemovedList":[],"filesUnmatched":0,"filesUpdated":0,"matched":13,"total":13,"unchecked":0,"uncheckedKeysByFile":[],"unmatched":0,"updated":0},"startTime":1666523900273,"success":true,"testResults":[{"assertionResults":[{"ancestorTitles":["<Info />","Render"],"duration":58,"failureDetails":[],"failureMessages":[],"fullName":"<Info /> Render must match regular","invocations":1,"location":null,"numPassingAsserts":0,"retryReasons":[],"status":"passed","title":"must match regular"}],"endTime":1666523906505,"message":"","name":"/Users/mts/PapillonBitsHub/tags/packages/core/src/pattern/atom/Text/__tests__/Info.int.test.js","startTime":1666523901633,"status":"passed","summary":""},{"assertionResults":[{"ancestorTitles":["<Heading />","Render"],"duration":88,"failureDetails":[],"failureMessages":[],"fullName":"<Heading /> Render must match h1","invocations":1,"location":null,"numPassingAsserts":0,"retryReasons":[],"status":"passed","title":"must match h1"},{"ancestorTitles":["<Heading />","Render"],"duration":7,"failureDetails":[],"failureMessages":[],"fullName":"<Heading /> Render must match h2","invocations":1,"location":null,"numPassingAsserts":0,"retryReasons":[],"status":"passed","title":"must match h2"},{"ancestorTitles":["<Heading />","Render"],"duration":7,"failureDetails":[],"failureMessages":[],"fullName":"<Heading /> Render must match h3","invocations":1,"location":null,"numPassingAsserts":0,"retryReasons":[],"status":"passed","title":"must match h3"},{"ancestorTitles":["<Heading />","Render"],"duration":3,"failureDetails":[],"failureMessages":[],"fullName":"<Heading /> Render must match h4","invocations":1,"location":null,"numPassingAsserts":0,"retryReasons":[],"status":"passed","title":"must match h4"}],"endTime":1666523906538,"message":"","name":"/Users/mts/PapillonBitsHub/tags/packages/core/src/pattern/atom/Title/__tests__/Heading.int.test.js","startTime":1666523901629,"status":"passed","summary":""},{"assertionResults":[{"ancestorTitles":["<Icon />","Render"],"duration":64,"failureDetails":[],"failureMessages":[],"fullName":"<Icon /> Render must match cross","invocations":1,"location":null,"numPassingAsserts":0,"retryReasons":[],"status":"passed","title":"must match cross"},{"ancestorTitles":["<Icon />","Render"],"duration":32,"failureDetails":[],"failureMessages":[],"fullName":"<Icon /> Render must match check","invocations":1,"location":null,"numPassingAsserts":0,"retryReasons":[],"status":"passed","title":"must match check"}],"endTime":1666523906579,"message":"","name":"/Users/mts/PapillonBitsHub/tags/packages/core/src/pattern/atom/Image/__tests__/Icon.int.test.js","startTime":1666523901645,"status":"passed","summary":""},{"assertionResults":[{"ancestorTitles":["<Tag />","Render"],"duration":106,"failureDetails":[],"failureMessages":[],"fullName":"<Tag /> Render must match regular","invocations":1,"location":null,"numPassingAsserts":0,"retryReasons":[],"status":"passed","title":"must match regular"}],"endTime":1666523906580,"message":"","name":"/Users/mts/PapillonBitsHub/tags/packages/core/src/pattern/molecule/Info/__tests__/Tag.int.test.js","startTime":1666523901626,"status":"passed","summary":""},{"assertionResults":[{"ancestorTitles":["<TagList />","Render"],"duration":164,"failureDetails":[],"failureMessages":[],"fullName":"<TagList /> Render must match regular","invocations":1,"location":null,"numPassingAsserts":0,"retryReasons":[],"status":"passed","title":"must match regular"}],"endTime":1666523906584,"message":"","name":"/Users/mts/PapillonBitsHub/tags/packages/core/src/pattern/molecule/List/__tests__/TagList.int.test.js","startTime":1666523901542,"status":"passed","summary":""},{"assertionResults":[{"ancestorTitles":["<MultiTag />","Render"],"duration":182,"failureDetails":[],"failureMessages":[],"fullName":"<MultiTag /> Render must match regular","invocations":1,"location":null,"numPassingAsserts":0,"retryReasons":[],"status":"passed","title":"must match regular"}],"endTime":1666523906589,"message":"","name":"/Users/mts/PapillonBitsHub/tags/packages/core/src/pattern/organism/Card/__tests__/MultiTag.int.test.js","startTime":1666523901549,"status":"passed","summary":""},{"assertionResults":[{"ancestorTitles":["<MultiTagCard />","Render"],"duration":109,"failureDetails":[],"failureMessages":[],"fullName":"<MultiTagCard /> Render must match regular","invocations":1,"location":null,"numPassingAsserts":0,"retryReasons":[],"status":"passed","title":"must match regular"}],"endTime":1666523906635,"message":"","name":"/Users/mts/PapillonBitsHub/tags/packages/core/src/pattern/template/Input/__tests__/MultiTagCard.int.test.js","startTime":1666523901557,"status":"passed","summary":""},{"assertionResults":[{"ancestorTitles":["<Input />","Render"],"duration":23,"failureDetails":[],"failureMessages":[],"fullName":"<Input /> Render must match regular","invocations":1,"location":null,"numPassingAsserts":0,"retryReasons":[],"status":"passed","title":"must match regular"}],"endTime":1666523907496,"message":"","name":"/Users/mts/PapillonBitsHub/tags/packages/core/src/pattern/atom/Text/__tests__/Input.int.test.js","startTime":1666523906532,"status":"passed","summary":""},{"assertionResults":[{"ancestorTitles":["<Label />","Render"],"duration":20,"failureDetails":[],"failureMessages":[],"fullName":"<Label /> Render must match regular","invocations":1,"location":null,"numPassingAsserts":0,"retryReasons":[],"status":"passed","title":"must match regular"}],"endTime":1666523907503,"message":"","name":"/Users/mts/PapillonBitsHub/tags/packages/core/src/pattern/atom/Text/__tests__/Label.int.test.js","startTime":1666523906551,"status":"passed","summary":""}],"wasInterrupted":false}